<?xml version="1.0" encoding="UTF-8"?>
<!-- Generated by org.testng.reporters.JUnitReportReporter -->
<testsuite hostname="L295-W-MARIRAJP" failures="0" tests="1" name="SRSproject.SRSproject.LoginMultiple" time="6452.847" errors="0" timestamp="2022-04-18T15:35:27 IST" skipped="0">
  <testcase classname="SRSproject.SRSproject.LoginMultiple" name="LoginMultipleTimes" time="6452.847"/>
  <system-out/>
</testsuite> <!-- SRSproject.SRSproject.LoginMultiple -->
