<?xml version="1.0" encoding="UTF-8"?>
<!-- Generated by org.testng.reporters.JUnitReportReporter -->
<testsuite hostname="L295-W-MARIRAJP" failures="0" tests="1" name="SRSproject.LoginTests.UnAuthorizedAccessToPCS" time="43.673" errors="0" timestamp="2022-04-22T13:19:52 IST" skipped="0">
  <testcase classname="SRSproject.LoginTests.UnAuthorizedAccessToPCS" name="AccessQPS" time="43.673"/>
  <system-out/>
</testsuite> <!-- SRSproject.LoginTests.UnAuthorizedAccessToPCS -->
