<?xml version="1.0" encoding="UTF-8"?>
<!-- Generated by org.testng.reporters.JUnitReportReporter -->
<testsuite hostname="L295-W-MARIRAJP" failures="0" tests="2" name="SRSproject.SRSproject.ProductDetailPageTest" time="92.691" errors="0" timestamp="2022-04-27T12:16:28 IST" skipped="0">
  <testcase classname="SRSproject.SRSproject.ProductDetailPageTest" name="PDP_RegisterRedirection_GuestValidation" time="22.618"/>
  <system-out/>
  <testcase classname="SRSproject.SRSproject.ProductDetailPageTest" name="AddingItemToCart" time="70.073"/>
  <system-out/>
</testsuite> <!-- SRSproject.SRSproject.ProductDetailPageTest -->
